<?xml version="1.0" encoding="UTF-8"?>
<!-- Generated by org.testng.reporters.JUnitReportReporter -->
<testsuite skipped="0" hostname="Mahesh" name="execute.ExecuteTest" tests="1" failures="0" timestamp="13 Oct 2018 07:03:07 GMT" time="12.851" errors="0">
  <testcase name="testLogin" time="12.851" classname="execute.ExecuteTest"/>
</testsuite> <!-- execute.ExecuteTest -->
