<?xml version="1.0" encoding="UTF-8"?>
<!-- Generated by org.testng.reporters.JUnitReportReporter -->
<testsuite skipped="0" hostname="Mahesh" name="execute.Browser" tests="1" failures="0" timestamp="13 Oct 2018 06:01:37 GMT" time="13.806" errors="0">
  <testcase name="testMahesh" time="13.806" classname="execute.Browser"/>
</testsuite> <!-- execute.Browser -->
